<?xml version="1.0" encoding="UTF-8"?>
<!-- Generated by org.testng.reporters.JUnitReportReporter -->
<testsuite skipped="0" hostname="Marcelas-MBP.fios-router.home" name="com.qa.hotels.tests.FourStartHotelTest" tests="1" failures="0" timestamp="2020-08-19T13:19:14 EDT" time="0.835" errors="0">
  <testcase name="verifyfourStarCityCenterTest" time="0.835" classname="com.qa.hotels.tests.FourStartHotelTest"/>
  <system-out/>
</testsuite> <!-- com.qa.hotels.tests.FourStartHotelTest -->
