<?xml version="1.0" encoding="UTF-8"?>
<!-- Generated by org.testng.reporters.JUnitReportReporter -->
<testsuite skipped="0" hostname="Marcelas-MBP.fios-router.home" name="com.qa.hotels.tests.FiveStarHotelTest" tests="1" failures="0" timestamp="2020-08-19T13:27:44 EDT" time="0.882" errors="0">
  <testcase name="verifycityCenter5Test" time="0.882" classname="com.qa.hotels.tests.FiveStarHotelTest"/>
  <system-out/>
</testsuite> <!-- com.qa.hotels.tests.FiveStarHotelTest -->
