<?xml version="1.0" encoding="UTF-8"?>
<!-- Generated by org.testng.reporters.JUnitReportReporter -->
<testsuite skipped="0" hostname="Marcelas-MBP.fios-router.home" name="com.qa.hotels.tests.HomePageTest" tests="2" failures="0" timestamp="2020-08-19T13:29:21 EDT" time="6.047" errors="0">
  <testcase name="verifyHomePageTitle" time="0.329" classname="com.qa.hotels.tests.HomePageTest"/>
  <system-out/>
  <testcase name="verifyMySelection" time="5.718" classname="com.qa.hotels.tests.HomePageTest"/>
  <system-out/>
</testsuite> <!-- com.qa.hotels.tests.HomePageTest -->
