<?xml version="1.0" encoding="UTF-8"?>
<!-- Generated by org.testng.reporters.JUnitReportReporter -->
<testsuite skipped="1" hostname="Marcelas-MBP.fios-router.home" name="com.qa.hotels.tests.ThreeStarHotelTest" tests="3" failures="0" timestamp="2020-08-19T14:34:11 EDT" time="4.546" errors="0">
  <testcase name="verifyTitleTest" time="0.068" classname="com.qa.hotels.tests.ThreeStarHotelTest"/>
  <system-out/>
  <testcase name="verifyselectMyDestinationTest" time="4.478" classname="com.qa.hotels.tests.ThreeStarHotelTest"/>
  <system-out/>
  <testcase name="verifymyHiltonsTest" classname="com.qa.hotels.tests.ThreeStarHotelTest">
    <skipped/>
  </testcase> <!-- verifymyHiltonsTest -->
  <system-out/>
</testsuite> <!-- com.qa.hotels.tests.ThreeStarHotelTest -->
